<?xml version="1.0" encoding="UTF-8"?>
<testsuite xmlns:xsi="http://www.w3.org/2001/XMLSchema-instance" xsi:noNamespaceSchemaLocation="https://maven.apache.org/surefire/maven-surefire-plugin/xsd/surefire-test-report-3.0.xsd" version="3.0" name="Siparis tamamlama" time="205.396" tests="4" errors="0" skipped="0" failures="0">
  <properties>
    <property name="java.specification.version" value="20"/>
    <property name="webdriver.chrome.driver" value="./chromedriver.exe"/>
    <property name="sun.cpu.isalist" value="amd64"/>
    <property name="sun.jnu.encoding" value="Cp1252"/>
    <property name="java.class.path" value="D:\SDET\GULAY QA\CucumberPractice\target\test-classes;D:\SDET\GULAY QA\CucumberPractice\target\classes;C:\Users\gulay\.m2\repository\org\seleniumhq\selenium\selenium-java\4.9.1\selenium-java-4.9.1.jar;C:\Users\gulay\.m2\repository\org\seleniumhq\selenium\selenium-api\4.9.1\selenium-api-4.9.1.jar;C:\Users\gulay\.m2\repository\org\seleniumhq\selenium\selenium-chrome-driver\4.9.1\selenium-chrome-driver-4.9.1.jar;C:\Users\gulay\.m2\repository\com\google\auto\service\auto-service-annotations\1.0.1\auto-service-annotations-1.0.1.jar;C:\Users\gulay\.m2\repository\com\google\auto\service\auto-service\1.0.1\auto-service-1.0.1.jar;C:\Users\gulay\.m2\repository\com\google\auto\auto-common\1.2\auto-common-1.2.jar;C:\Users\gulay\.m2\repository\com\google\guava\guava\31.1-jre\guava-31.1-jre.jar;C:\Users\gulay\.m2\repository\com\google\guava\failureaccess\1.0.1\failureaccess-1.0.1.jar;C:\Users\gulay\.m2\repository\com\google\guava\listenablefuture\9999.0-empty-to-avoid-conflict-with-guava\listenablefuture-9999.0-empty-to-avoid-conflict-with-guava.jar;C:\Users\gulay\.m2\repository\com\google\code\findbugs\jsr305\3.0.2\jsr305-3.0.2.jar;C:\Users\gulay\.m2\repository\org\checkerframework\checker-qual\3.12.0\checker-qual-3.12.0.jar;C:\Users\gulay\.m2\repository\com\google\errorprone\error_prone_annotations\2.11.0\error_prone_annotations-2.11.0.jar;C:\Users\gulay\.m2\repository\com\google\j2objc\j2objc-annotations\1.3\j2objc-annotations-1.3.jar;C:\Users\gulay\.m2\repository\org\seleniumhq\selenium\selenium-chromium-driver\4.9.1\selenium-chromium-driver-4.9.1.jar;C:\Users\gulay\.m2\repository\org\seleniumhq\selenium\selenium-json\4.9.1\selenium-json-4.9.1.jar;C:\Users\gulay\.m2\repository\org\seleniumhq\selenium\selenium-manager\4.9.1\selenium-manager-4.9.1.jar;C:\Users\gulay\.m2\repository\org\seleniumhq\selenium\selenium-devtools-v111\4.9.1\selenium-devtools-v111-4.9.1.jar;C:\Users\gulay\.m2\repository\org\seleniumhq\selenium\selenium-devtools-v112\4.9.1\selenium-devtools-v112-4.9.1.jar;C:\Users\gulay\.m2\repository\org\seleniumhq\selenium\selenium-devtools-v113\4.9.1\selenium-devtools-v113-4.9.1.jar;C:\Users\gulay\.m2\repository\org\seleniumhq\selenium\selenium-devtools-v85\4.9.1\selenium-devtools-v85-4.9.1.jar;C:\Users\gulay\.m2\repository\org\seleniumhq\selenium\selenium-edge-driver\4.9.1\selenium-edge-driver-4.9.1.jar;C:\Users\gulay\.m2\repository\org\seleniumhq\selenium\selenium-firefox-driver\4.9.1\selenium-firefox-driver-4.9.1.jar;C:\Users\gulay\.m2\repository\org\seleniumhq\selenium\selenium-http\4.9.1\selenium-http-4.9.1.jar;C:\Users\gulay\.m2\repository\dev\failsafe\failsafe\3.3.1\failsafe-3.3.1.jar;C:\Users\gulay\.m2\repository\org\seleniumhq\selenium\selenium-ie-driver\4.9.1\selenium-ie-driver-4.9.1.jar;C:\Users\gulay\.m2\repository\org\seleniumhq\selenium\selenium-remote-driver\4.9.1\selenium-remote-driver-4.9.1.jar;C:\Users\gulay\.m2\repository\com\beust\jcommander\1.82\jcommander-1.82.jar;C:\Users\gulay\.m2\repository\io\netty\netty-buffer\4.1.91.Final\netty-buffer-4.1.91.Final.jar;C:\Users\gulay\.m2\repository\io\netty\netty-codec-http\4.1.91.Final\netty-codec-http-4.1.91.Final.jar;C:\Users\gulay\.m2\repository\io\netty\netty-codec\4.1.91.Final\netty-codec-4.1.91.Final.jar;C:\Users\gulay\.m2\repository\io\netty\netty-handler\4.1.91.Final\netty-handler-4.1.91.Final.jar;C:\Users\gulay\.m2\repository\io\netty\netty-common\4.1.91.Final\netty-common-4.1.91.Final.jar;C:\Users\gulay\.m2\repository\io\netty\netty-transport-classes-epoll\4.1.91.Final\netty-transport-classes-epoll-4.1.91.Final.jar;C:\Users\gulay\.m2\repository\io\netty\netty-transport-classes-kqueue\4.1.91.Final\netty-transport-classes-kqueue-4.1.91.Final.jar;C:\Users\gulay\.m2\repository\io\netty\netty-transport-native-epoll\4.1.91.Final\netty-transport-native-epoll-4.1.91.Final.jar;C:\Users\gulay\.m2\repository\io\netty\netty-transport-native-kqueue\4.1.91.Final\netty-transport-native-kqueue-4.1.91.Final.jar;C:\Users\gulay\.m2\repository\io\netty\netty-transport-native-unix-common\4.1.91.Final\netty-transport-native-unix-common-4.1.91.Final.jar;C:\Users\gulay\.m2\repository\io\netty\netty-transport\4.1.91.Final\netty-transport-4.1.91.Final.jar;C:\Users\gulay\.m2\repository\io\netty\netty-resolver\4.1.91.Final\netty-resolver-4.1.91.Final.jar;C:\Users\gulay\.m2\repository\io\opentelemetry\opentelemetry-api\1.25.0\opentelemetry-api-1.25.0.jar;C:\Users\gulay\.m2\repository\io\opentelemetry\opentelemetry-context\1.25.0\opentelemetry-context-1.25.0.jar;C:\Users\gulay\.m2\repository\io\opentelemetry\opentelemetry-exporter-logging\1.25.0\opentelemetry-exporter-logging-1.25.0.jar;C:\Users\gulay\.m2\repository\io\opentelemetry\opentelemetry-sdk-metrics\1.25.0\opentelemetry-sdk-metrics-1.25.0.jar;C:\Users\gulay\.m2\repository\io\opentelemetry\opentelemetry-sdk-logs\1.25.0-alpha\opentelemetry-sdk-logs-1.25.0-alpha.jar;C:\Users\gulay\.m2\repository\io\opentelemetry\opentelemetry-api-logs\1.25.0-alpha\opentelemetry-api-logs-1.25.0-alpha.jar;C:\Users\gulay\.m2\repository\io\opentelemetry\opentelemetry-api-events\1.25.0-alpha\opentelemetry-api-events-1.25.0-alpha.jar;C:\Users\gulay\.m2\repository\io\opentelemetry\opentelemetry-sdk-common\1.25.0\opentelemetry-sdk-common-1.25.0.jar;C:\Users\gulay\.m2\repository\io\opentelemetry\opentelemetry-sdk-extension-autoconfigure-spi\1.25.0\opentelemetry-sdk-extension-autoconfigure-spi-1.25.0.jar;C:\Users\gulay\.m2\repository\io\opentelemetry\opentelemetry-sdk-extension-autoconfigure\1.25.0-alpha\opentelemetry-sdk-extension-autoconfigure-1.25.0-alpha.jar;C:\Users\gulay\.m2\repository\io\opentelemetry\opentelemetry-sdk-trace\1.25.0\opentelemetry-sdk-trace-1.25.0.jar;C:\Users\gulay\.m2\repository\io\opentelemetry\opentelemetry-sdk\1.25.0\opentelemetry-sdk-1.25.0.jar;C:\Users\gulay\.m2\repository\io\opentelemetry\opentelemetry-semconv\1.25.0-alpha\opentelemetry-semconv-1.25.0-alpha.jar;C:\Users\gulay\.m2\repository\io\ous\jtoml\2.0.0\jtoml-2.0.0.jar;C:\Users\gulay\.m2\repository\net\bytebuddy\byte-buddy\1.14.4\byte-buddy-1.14.4.jar;C:\Users\gulay\.m2\repository\org\apache\commons\commons-exec\1.3\commons-exec-1.3.jar;C:\Users\gulay\.m2\repository\org\asynchttpclient\async-http-client\2.12.3\async-http-client-2.12.3.jar;C:\Users\gulay\.m2\repository\org\asynchttpclient\async-http-client-netty-utils\2.12.3\async-http-client-netty-utils-2.12.3.jar;C:\Users\gulay\.m2\repository\io\netty\netty-codec-socks\4.1.60.Final\netty-codec-socks-4.1.60.Final.jar;C:\Users\gulay\.m2\repository\io\netty\netty-handler-proxy\4.1.60.Final\netty-handler-proxy-4.1.60.Final.jar;C:\Users\gulay\.m2\repository\io\netty\netty-transport-native-epoll\4.1.60.Final\netty-transport-native-epoll-4.1.60.Final-linux-x86_64.jar;C:\Users\gulay\.m2\repository\io\netty\netty-transport-native-kqueue\4.1.60.Final\netty-transport-native-kqueue-4.1.60.Final-osx-x86_64.jar;C:\Users\gulay\.m2\repository\org\reactivestreams\reactive-streams\1.0.3\reactive-streams-1.0.3.jar;C:\Users\gulay\.m2\repository\com\typesafe\netty\netty-reactive-streams\2.0.4\netty-reactive-streams-2.0.4.jar;C:\Users\gulay\.m2\repository\com\sun\activation\jakarta.activation\1.2.2\jakarta.activation-1.2.2.jar;C:\Users\gulay\.m2\repository\org\seleniumhq\selenium\selenium-safari-driver\4.9.1\selenium-safari-driver-4.9.1.jar;C:\Users\gulay\.m2\repository\org\seleniumhq\selenium\selenium-support\4.9.1\selenium-support-4.9.1.jar;C:\Users\gulay\.m2\repository\io\github\bonigarcia\webdrivermanager\5.3.2\webdrivermanager-5.3.2.jar;C:\Users\gulay\.m2\repository\org\slf4j\slf4j-api\2.0.6\slf4j-api-2.0.6.jar;C:\Users\gulay\.m2\repository\com\google\code\gson\gson\2.10.1\gson-2.10.1.jar;C:\Users\gulay\.m2\repository\com\github\docker-java\docker-java\3.2.14\docker-java-3.2.14.jar;C:\Users\gulay\.m2\repository\com\github\docker-java\docker-java-core\3.2.14\docker-java-core-3.2.14.jar;C:\Users\gulay\.m2\repository\com\github\docker-java\docker-java-api\3.2.14\docker-java-api-3.2.14.jar;C:\Users\gulay\.m2\repository\com\fasterxml\jackson\core\jackson-annotations\2.10.3\jackson-annotations-2.10.3.jar;C:\Users\gulay\.m2\repository\commons-io\commons-io\2.6\commons-io-2.6.jar;C:\Users\gulay\.m2\repository\org\apache\commons\commons-compress\1.21\commons-compress-1.21.jar;C:\Users\gulay\.m2\repository\com\fasterxml\jackson\core\jackson-databind\2.10.3\jackson-databind-2.10.3.jar;C:\Users\gulay\.m2\repository\com\fasterxml\jackson\core\jackson-core\2.10.3\jackson-core-2.10.3.jar;C:\Users\gulay\.m2\repository\org\bouncycastle\bcpkix-jdk15on\1.64\bcpkix-jdk15on-1.64.jar;C:\Users\gulay\.m2\repository\org\bouncycastle\bcprov-jdk15on\1.64\bcprov-jdk15on-1.64.jar;C:\Users\gulay\.m2\repository\org\slf4j\jcl-over-slf4j\1.7.30\jcl-over-slf4j-1.7.30.jar;C:\Users\gulay\.m2\repository\com\github\docker-java\docker-java-transport-httpclient5\3.2.14\docker-java-transport-httpclient5-3.2.14.jar;C:\Users\gulay\.m2\repository\com\github\docker-java\docker-java-transport\3.2.14\docker-java-transport-3.2.14.jar;C:\Users\gulay\.m2\repository\net\java\dev\jna\jna\5.12.1\jna-5.12.1.jar;C:\Users\gulay\.m2\repository\org\brotli\dec\0.1.2\dec-0.1.2.jar;C:\Users\gulay\.m2\repository\org\apache\commons\commons-lang3\3.12.0\commons-lang3-3.12.0.jar;C:\Users\gulay\.m2\repository\org\apache\httpcomponents\client5\httpclient5\5.2.1\httpclient5-5.2.1.jar;C:\Users\gulay\.m2\repository\org\apache\httpcomponents\core5\httpcore5\5.2\httpcore5-5.2.jar;C:\Users\gulay\.m2\repository\org\apache\httpcomponents\core5\httpcore5-h2\5.2\httpcore5-h2-5.2.jar;C:\Users\gulay\.m2\repository\io\cucumber\cucumber-junit\4.8.1\cucumber-junit-4.8.1.jar;C:\Users\gulay\.m2\repository\org\apiguardian\apiguardian-api\1.1.0\apiguardian-api-1.1.0.jar;C:\Users\gulay\.m2\repository\io\cucumber\cucumber-core\4.8.1\cucumber-core-4.8.1.jar;C:\Users\gulay\.m2\repository\io\cucumber\gherkin\5.1.0\gherkin-5.1.0.jar;C:\Users\gulay\.m2\repository\io\cucumber\tag-expressions\1.1.1\tag-expressions-1.1.1.jar;C:\Users\gulay\.m2\repository\io\cucumber\cucumber-expressions\7.0.2\cucumber-expressions-7.0.2.jar;C:\Users\gulay\.m2\repository\io\cucumber\datatable\1.1.14\datatable-1.1.14.jar;C:\Users\gulay\.m2\repository\io\cucumber\datatable-dependencies\1.1.14\datatable-dependencies-1.1.14.jar;C:\Users\gulay\.m2\repository\junit\junit\4.12\junit-4.12.jar;C:\Users\gulay\.m2\repository\org\hamcrest\hamcrest-core\1.3\hamcrest-core-1.3.jar;C:\Users\gulay\.m2\repository\io\cucumber\cucumber-java\4.8.1\cucumber-java-4.8.1.jar;"/>
    <property name="java.vm.vendor" value="Amazon.com Inc."/>
    <property name="sun.arch.data.model" value="64"/>
    <property name="user.variant" value=""/>
    <property name="java.vendor.url" value="https://aws.amazon.com/corretto/"/>
    <property name="user.timezone" value="Europe/Paris"/>
    <property name="os.name" value="Windows 10"/>
    <property name="java.vm.specification.version" value="20"/>
    <property name="sun.java.launcher" value="SUN_STANDARD"/>
    <property name="user.country" value="US"/>
    <property name="sun.boot.library.path" value="C:\Users\gulay\.jdks\corretto-20.0.2.1\bin"/>
    <property name="sun.java.command" value="C:\Users\gulay\AppData\Local\Temp\surefire6613272642555196263\surefirebooter1054419417044243072.jar C:\Users\gulay\AppData\Local\Temp\surefire6613272642555196263 2023-11-05T23-40-39_593-jvmRun1 surefire8990249270379501304tmp surefire_015549815499451035556tmp"/>
    <property name="jdk.debug" value="release"/>
    <property name="surefire.test.class.path" value="D:\SDET\GULAY QA\CucumberPractice\target\test-classes;D:\SDET\GULAY QA\CucumberPractice\target\classes;C:\Users\gulay\.m2\repository\org\seleniumhq\selenium\selenium-java\4.9.1\selenium-java-4.9.1.jar;C:\Users\gulay\.m2\repository\org\seleniumhq\selenium\selenium-api\4.9.1\selenium-api-4.9.1.jar;C:\Users\gulay\.m2\repository\org\seleniumhq\selenium\selenium-chrome-driver\4.9.1\selenium-chrome-driver-4.9.1.jar;C:\Users\gulay\.m2\repository\com\google\auto\service\auto-service-annotations\1.0.1\auto-service-annotations-1.0.1.jar;C:\Users\gulay\.m2\repository\com\google\auto\service\auto-service\1.0.1\auto-service-1.0.1.jar;C:\Users\gulay\.m2\repository\com\google\auto\auto-common\1.2\auto-common-1.2.jar;C:\Users\gulay\.m2\repository\com\google\guava\guava\31.1-jre\guava-31.1-jre.jar;C:\Users\gulay\.m2\repository\com\google\guava\failureaccess\1.0.1\failureaccess-1.0.1.jar;C:\Users\gulay\.m2\repository\com\google\guava\listenablefuture\9999.0-empty-to-avoid-conflict-with-guava\listenablefuture-9999.0-empty-to-avoid-conflict-with-guava.jar;C:\Users\gulay\.m2\repository\com\google\code\findbugs\jsr305\3.0.2\jsr305-3.0.2.jar;C:\Users\gulay\.m2\repository\org\checkerframework\checker-qual\3.12.0\checker-qual-3.12.0.jar;C:\Users\gulay\.m2\repository\com\google\errorprone\error_prone_annotations\2.11.0\error_prone_annotations-2.11.0.jar;C:\Users\gulay\.m2\repository\com\google\j2objc\j2objc-annotations\1.3\j2objc-annotations-1.3.jar;C:\Users\gulay\.m2\repository\org\seleniumhq\selenium\selenium-chromium-driver\4.9.1\selenium-chromium-driver-4.9.1.jar;C:\Users\gulay\.m2\repository\org\seleniumhq\selenium\selenium-json\4.9.1\selenium-json-4.9.1.jar;C:\Users\gulay\.m2\repository\org\seleniumhq\selenium\selenium-manager\4.9.1\selenium-manager-4.9.1.jar;C:\Users\gulay\.m2\repository\org\seleniumhq\selenium\selenium-devtools-v111\4.9.1\selenium-devtools-v111-4.9.1.jar;C:\Users\gulay\.m2\repository\org\seleniumhq\selenium\selenium-devtools-v112\4.9.1\selenium-devtools-v112-4.9.1.jar;C:\Users\gulay\.m2\repository\org\seleniumhq\selenium\selenium-devtools-v113\4.9.1\selenium-devtools-v113-4.9.1.jar;C:\Users\gulay\.m2\repository\org\seleniumhq\selenium\selenium-devtools-v85\4.9.1\selenium-devtools-v85-4.9.1.jar;C:\Users\gulay\.m2\repository\org\seleniumhq\selenium\selenium-edge-driver\4.9.1\selenium-edge-driver-4.9.1.jar;C:\Users\gulay\.m2\repository\org\seleniumhq\selenium\selenium-firefox-driver\4.9.1\selenium-firefox-driver-4.9.1.jar;C:\Users\gulay\.m2\repository\org\seleniumhq\selenium\selenium-http\4.9.1\selenium-http-4.9.1.jar;C:\Users\gulay\.m2\repository\dev\failsafe\failsafe\3.3.1\failsafe-3.3.1.jar;C:\Users\gulay\.m2\repository\org\seleniumhq\selenium\selenium-ie-driver\4.9.1\selenium-ie-driver-4.9.1.jar;C:\Users\gulay\.m2\repository\org\seleniumhq\selenium\selenium-remote-driver\4.9.1\selenium-remote-driver-4.9.1.jar;C:\Users\gulay\.m2\repository\com\beust\jcommander\1.82\jcommander-1.82.jar;C:\Users\gulay\.m2\repository\io\netty\netty-buffer\4.1.91.Final\netty-buffer-4.1.91.Final.jar;C:\Users\gulay\.m2\repository\io\netty\netty-codec-http\4.1.91.Final\netty-codec-http-4.1.91.Final.jar;C:\Users\gulay\.m2\repository\io\netty\netty-codec\4.1.91.Final\netty-codec-4.1.91.Final.jar;C:\Users\gulay\.m2\repository\io\netty\netty-handler\4.1.91.Final\netty-handler-4.1.91.Final.jar;C:\Users\gulay\.m2\repository\io\netty\netty-common\4.1.91.Final\netty-common-4.1.91.Final.jar;C:\Users\gulay\.m2\repository\io\netty\netty-transport-classes-epoll\4.1.91.Final\netty-transport-classes-epoll-4.1.91.Final.jar;C:\Users\gulay\.m2\repository\io\netty\netty-transport-classes-kqueue\4.1.91.Final\netty-transport-classes-kqueue-4.1.91.Final.jar;C:\Users\gulay\.m2\repository\io\netty\netty-transport-native-epoll\4.1.91.Final\netty-transport-native-epoll-4.1.91.Final.jar;C:\Users\gulay\.m2\repository\io\netty\netty-transport-native-kqueue\4.1.91.Final\netty-transport-native-kqueue-4.1.91.Final.jar;C:\Users\gulay\.m2\repository\io\netty\netty-transport-native-unix-common\4.1.91.Final\netty-transport-native-unix-common-4.1.91.Final.jar;C:\Users\gulay\.m2\repository\io\netty\netty-transport\4.1.91.Final\netty-transport-4.1.91.Final.jar;C:\Users\gulay\.m2\repository\io\netty\netty-resolver\4.1.91.Final\netty-resolver-4.1.91.Final.jar;C:\Users\gulay\.m2\repository\io\opentelemetry\opentelemetry-api\1.25.0\opentelemetry-api-1.25.0.jar;C:\Users\gulay\.m2\repository\io\opentelemetry\opentelemetry-context\1.25.0\opentelemetry-context-1.25.0.jar;C:\Users\gulay\.m2\repository\io\opentelemetry\opentelemetry-exporter-logging\1.25.0\opentelemetry-exporter-logging-1.25.0.jar;C:\Users\gulay\.m2\repository\io\opentelemetry\opentelemetry-sdk-metrics\1.25.0\opentelemetry-sdk-metrics-1.25.0.jar;C:\Users\gulay\.m2\repository\io\opentelemetry\opentelemetry-sdk-logs\1.25.0-alpha\opentelemetry-sdk-logs-1.25.0-alpha.jar;C:\Users\gulay\.m2\repository\io\opentelemetry\opentelemetry-api-logs\1.25.0-alpha\opentelemetry-api-logs-1.25.0-alpha.jar;C:\Users\gulay\.m2\repository\io\opentelemetry\opentelemetry-api-events\1.25.0-alpha\opentelemetry-api-events-1.25.0-alpha.jar;C:\Users\gulay\.m2\repository\io\opentelemetry\opentelemetry-sdk-common\1.25.0\opentelemetry-sdk-common-1.25.0.jar;C:\Users\gulay\.m2\repository\io\opentelemetry\opentelemetry-sdk-extension-autoconfigure-spi\1.25.0\opentelemetry-sdk-extension-autoconfigure-spi-1.25.0.jar;C:\Users\gulay\.m2\repository\io\opentelemetry\opentelemetry-sdk-extension-autoconfigure\1.25.0-alpha\opentelemetry-sdk-extension-autoconfigure-1.25.0-alpha.jar;C:\Users\gulay\.m2\repository\io\opentelemetry\opentelemetry-sdk-trace\1.25.0\opentelemetry-sdk-trace-1.25.0.jar;C:\Users\gulay\.m2\repository\io\opentelemetry\opentelemetry-sdk\1.25.0\opentelemetry-sdk-1.25.0.jar;C:\Users\gulay\.m2\repository\io\opentelemetry\opentelemetry-semconv\1.25.0-alpha\opentelemetry-semconv-1.25.0-alpha.jar;C:\Users\gulay\.m2\repository\io\ous\jtoml\2.0.0\jtoml-2.0.0.jar;C:\Users\gulay\.m2\repository\net\bytebuddy\byte-buddy\1.14.4\byte-buddy-1.14.4.jar;C:\Users\gulay\.m2\repository\org\apache\commons\commons-exec\1.3\commons-exec-1.3.jar;C:\Users\gulay\.m2\repository\org\asynchttpclient\async-http-client\2.12.3\async-http-client-2.12.3.jar;C:\Users\gulay\.m2\repository\org\asynchttpclient\async-http-client-netty-utils\2.12.3\async-http-client-netty-utils-2.12.3.jar;C:\Users\gulay\.m2\repository\io\netty\netty-codec-socks\4.1.60.Final\netty-codec-socks-4.1.60.Final.jar;C:\Users\gulay\.m2\repository\io\netty\netty-handler-proxy\4.1.60.Final\netty-handler-proxy-4.1.60.Final.jar;C:\Users\gulay\.m2\repository\io\netty\netty-transport-native-epoll\4.1.60.Final\netty-transport-native-epoll-4.1.60.Final-linux-x86_64.jar;C:\Users\gulay\.m2\repository\io\netty\netty-transport-native-kqueue\4.1.60.Final\netty-transport-native-kqueue-4.1.60.Final-osx-x86_64.jar;C:\Users\gulay\.m2\repository\org\reactivestreams\reactive-streams\1.0.3\reactive-streams-1.0.3.jar;C:\Users\gulay\.m2\repository\com\typesafe\netty\netty-reactive-streams\2.0.4\netty-reactive-streams-2.0.4.jar;C:\Users\gulay\.m2\repository\com\sun\activation\jakarta.activation\1.2.2\jakarta.activation-1.2.2.jar;C:\Users\gulay\.m2\repository\org\seleniumhq\selenium\selenium-safari-driver\4.9.1\selenium-safari-driver-4.9.1.jar;C:\Users\gulay\.m2\repository\org\seleniumhq\selenium\selenium-support\4.9.1\selenium-support-4.9.1.jar;C:\Users\gulay\.m2\repository\io\github\bonigarcia\webdrivermanager\5.3.2\webdrivermanager-5.3.2.jar;C:\Users\gulay\.m2\repository\org\slf4j\slf4j-api\2.0.6\slf4j-api-2.0.6.jar;C:\Users\gulay\.m2\repository\com\google\code\gson\gson\2.10.1\gson-2.10.1.jar;C:\Users\gulay\.m2\repository\com\github\docker-java\docker-java\3.2.14\docker-java-3.2.14.jar;C:\Users\gulay\.m2\repository\com\github\docker-java\docker-java-core\3.2.14\docker-java-core-3.2.14.jar;C:\Users\gulay\.m2\repository\com\github\docker-java\docker-java-api\3.2.14\docker-java-api-3.2.14.jar;C:\Users\gulay\.m2\repository\com\fasterxml\jackson\core\jackson-annotations\2.10.3\jackson-annotations-2.10.3.jar;C:\Users\gulay\.m2\repository\commons-io\commons-io\2.6\commons-io-2.6.jar;C:\Users\gulay\.m2\repository\org\apache\commons\commons-compress\1.21\commons-compress-1.21.jar;C:\Users\gulay\.m2\repository\com\fasterxml\jackson\core\jackson-databind\2.10.3\jackson-databind-2.10.3.jar;C:\Users\gulay\.m2\repository\com\fasterxml\jackson\core\jackson-core\2.10.3\jackson-core-2.10.3.jar;C:\Users\gulay\.m2\repository\org\bouncycastle\bcpkix-jdk15on\1.64\bcpkix-jdk15on-1.64.jar;C:\Users\gulay\.m2\repository\org\bouncycastle\bcprov-jdk15on\1.64\bcprov-jdk15on-1.64.jar;C:\Users\gulay\.m2\repository\org\slf4j\jcl-over-slf4j\1.7.30\jcl-over-slf4j-1.7.30.jar;C:\Users\gulay\.m2\repository\com\github\docker-java\docker-java-transport-httpclient5\3.2.14\docker-java-transport-httpclient5-3.2.14.jar;C:\Users\gulay\.m2\repository\com\github\docker-java\docker-java-transport\3.2.14\docker-java-transport-3.2.14.jar;C:\Users\gulay\.m2\repository\net\java\dev\jna\jna\5.12.1\jna-5.12.1.jar;C:\Users\gulay\.m2\repository\org\brotli\dec\0.1.2\dec-0.1.2.jar;C:\Users\gulay\.m2\repository\org\apache\commons\commons-lang3\3.12.0\commons-lang3-3.12.0.jar;C:\Users\gulay\.m2\repository\org\apache\httpcomponents\client5\httpclient5\5.2.1\httpclient5-5.2.1.jar;C:\Users\gulay\.m2\repository\org\apache\httpcomponents\core5\httpcore5\5.2\httpcore5-5.2.jar;C:\Users\gulay\.m2\repository\org\apache\httpcomponents\core5\httpcore5-h2\5.2\httpcore5-h2-5.2.jar;C:\Users\gulay\.m2\repository\io\cucumber\cucumber-junit\4.8.1\cucumber-junit-4.8.1.jar;C:\Users\gulay\.m2\repository\org\apiguardian\apiguardian-api\1.1.0\apiguardian-api-1.1.0.jar;C:\Users\gulay\.m2\repository\io\cucumber\cucumber-core\4.8.1\cucumber-core-4.8.1.jar;C:\Users\gulay\.m2\repository\io\cucumber\gherkin\5.1.0\gherkin-5.1.0.jar;C:\Users\gulay\.m2\repository\io\cucumber\tag-expressions\1.1.1\tag-expressions-1.1.1.jar;C:\Users\gulay\.m2\repository\io\cucumber\cucumber-expressions\7.0.2\cucumber-expressions-7.0.2.jar;C:\Users\gulay\.m2\repository\io\cucumber\datatable\1.1.14\datatable-1.1.14.jar;C:\Users\gulay\.m2\repository\io\cucumber\datatable-dependencies\1.1.14\datatable-dependencies-1.1.14.jar;C:\Users\gulay\.m2\repository\junit\junit\4.12\junit-4.12.jar;C:\Users\gulay\.m2\repository\org\hamcrest\hamcrest-core\1.3\hamcrest-core-1.3.jar;C:\Users\gulay\.m2\repository\io\cucumber\cucumber-java\4.8.1\cucumber-java-4.8.1.jar;"/>
    <property name="sun.cpu.endian" value="little"/>
    <property name="user.home" value="C:\Users\gulay"/>
    <property name="user.language" value="en"/>
    <property name="java.specification.vendor" value="Oracle Corporation"/>
    <property name="java.version.date" value="2023-08-22"/>
    <property name="java.home" value="C:\Users\gulay\.jdks\corretto-20.0.2.1"/>
    <property name="file.separator" value="\"/>
    <property name="basedir" value="D:\SDET\GULAY QA\CucumberPractice"/>
    <property name="java.vm.compressedOopsMode" value="32-bit"/>
    <property name="line.separator" value="&#10;"/>
    <property name="java.vm.specification.vendor" value="Oracle Corporation"/>
    <property name="java.specification.name" value="Java Platform API Specification"/>
    <property name="surefire.real.class.path" value="C:\Users\gulay\AppData\Local\Temp\surefire6613272642555196263\surefirebooter1054419417044243072.jar"/>
    <property name="user.script" value=""/>
    <property name="sun.management.compiler" value="HotSpot 64-Bit Tiered Compilers"/>
    <property name="java.runtime.version" value="20.0.2.1+10-FR"/>
    <property name="user.name" value="gulay"/>
    <property name="stdout.encoding" value="Cp1252"/>
    <property name="path.separator" value=";"/>
    <property name="os.version" value="10.0"/>
    <property name="java.runtime.name" value="OpenJDK Runtime Environment"/>
    <property name="file.encoding" value="UTF-8"/>
    <property name="java.vm.name" value="OpenJDK 64-Bit Server VM"/>
    <property name="java.vendor.version" value="Corretto-20.0.2.10.1"/>
    <property name="localRepository" value="C:\Users\gulay\.m2\repository"/>
    <property name="java.vendor.url.bug" value="https://github.com/corretto/corretto-20/issues/"/>
    <property name="java.io.tmpdir" value="C:\Users\gulay\AppData\Local\Temp\"/>
    <property name="idea.version" value="2023.2.4"/>
    <property name="java.version" value="20.0.2.1"/>
    <property name="user.dir" value="D:\SDET\GULAY QA\CucumberPractice"/>
    <property name="os.arch" value="amd64"/>
    <property name="java.vm.specification.name" value="Java Virtual Machine Specification"/>
    <property name="sun.os.patch.level" value=""/>
    <property name="native.encoding" value="Cp1252"/>
    <property name="java.library.path" value="C:\Users\gulay\.jdks\corretto-20.0.2.1\bin;C:\WINDOWS\Sun\Java\bin;C:\WINDOWS\system32;C:\WINDOWS;C:\Program Files (x86)\NVIDIA Corporation\PhysX\Common;C:\WINDOWS\system32;C:\WINDOWS;C:\WINDOWS\System32\Wbem;C:\WINDOWS\System32\WindowsPowerShell\v1.0\;C:\WINDOWS\System32\OpenSSH\;C:\Program Files\AutoFirma\AutoFirma;C:\Program Files\Java\jdk-13.0.2\bin;C:\Program Files\NVIDIA Corporation\NVIDIA NvDLISR;C:\apache-maven-3.6.3\bin;C:\WINDOWS\system32;C:\WINDOWS;C:\WINDOWS\System32\Wbem;C:\WINDOWS\System32\WindowsPowerShell\v1.0\;C:\WINDOWS\System32\OpenSSH\;C:\Program Files\Microsoft SQL Server\130\Tools\Binn\;C:\apache-maven-3.8.1\bin;C:\Program Files (x86)\dotnet\;C:\Program Files\apache-maven-3.9.4;C:\Program Files\Git\cmd;C:\Program Files\Git 2.41 64bit;;C:\Program Files\Docker\Docker\resources\bin;C:\Users\gulay\AppData\Local\Microsoft\WindowsApps;;C:\Program Files\JetBrains\IntelliJ IDEA 2023.2.2\bin;;C:\Program Files\JetBrains\IntelliJ IDEA Community Edition 2023.2.2\bin;;."/>
    <property name="java.vm.info" value="mixed mode, sharing"/>
    <property name="stderr.encoding" value="Cp1252"/>
    <property name="java.vendor" value="Amazon.com Inc."/>
    <property name="java.vm.version" value="20.0.2.1+10-FR"/>
    <property name="sun.io.unicode.encoding" value="UnicodeLittle"/>
    <property name="java.class.version" value="64.0"/>
  </properties>
  <testcase name="Kullanici urunleri sectiginde Add To Cart butonunun Added olarak 5 saniye gorundugunu dogrular" classname="Siparis tamamlama" time="168.281">
    <system-err><![CDATA[SLF4J: No SLF4J providers were found.
SLF4J: Defaulting to no-operation (NOP) logger implementation
SLF4J: See https://www.slf4j.org/codes.html#noProviders for further details.
Starting ChromeDriver 118.0.5993.70 (e52f33f30b91b4ddfad649acddc39ab570473b86-refs/branch-heads/5993@{#1216}) on port 33886
Only local connections are allowed.
Please see https://chromedriver.chromium.org/security-considerations for suggestions on keeping ChromeDriver safe.
ChromeDriver was started successfully.
Nov 05, 2023 11:40:47 PM org.openqa.selenium.devtools.CdpVersionFinder findNearestMatch
WARNING: Unable to find CDP implementation matching 118
Nov 05, 2023 11:40:47 PM org.openqa.selenium.chromium.ChromiumDriver lambda$new$3
WARNING: Unable to find version of CDP to use for . You may need to include a dependency on a specific version of the CDP using something similar to `org.seleniumhq.selenium:selenium-devtools-v86:4.9.1` where the version ("v86") matches the version of the chromium-based browser you're using and the version number of the artifact is the same as Selenium's.
]]></system-err>
  </testcase>
  <testcase name="Bir kullanici gibi siparis verebilme" classname="Siparis tamamlama" time="12.508">
    <system-err><![CDATA[Starting ChromeDriver 118.0.5993.70 (e52f33f30b91b4ddfad649acddc39ab570473b86-refs/branch-heads/5993@{#1216}) on port 48265
Only local connections are allowed.
Please see https://chromedriver.chromium.org/security-considerations for suggestions on keeping ChromeDriver safe.
ChromeDriver was started successfully.
Nov 05, 2023 11:43:33 PM org.openqa.selenium.devtools.CdpVersionFinder findNearestMatch
WARNING: Unable to find CDP implementation matching 118
Nov 05, 2023 11:43:33 PM org.openqa.selenium.chromium.ChromiumDriver lambda$new$3
WARNING: Unable to find version of CDP to use for . You may need to include a dependency on a specific version of the CDP using something similar to `org.seleniumhq.selenium:selenium-devtools-v86:4.9.1` where the version ("v86") matches the version of the chromium-based browser you're using and the version number of the artifact is the same as Selenium's.
]]></system-err>
  </testcase>
  <testcase name="Kullanici checkBox butonuna tiklamadan siparisi tamamlayamamali" classname="Siparis tamamlama" time="12.227">
    <system-err><![CDATA[Starting ChromeDriver 118.0.5993.70 (e52f33f30b91b4ddfad649acddc39ab570473b86-refs/branch-heads/5993@{#1216}) on port 33888
Only local connections are allowed.
Please see https://chromedriver.chromium.org/security-considerations for suggestions on keeping ChromeDriver safe.
ChromeDriver was started successfully.
Nov 05, 2023 11:43:45 PM org.openqa.selenium.devtools.CdpVersionFinder findNearestMatch
WARNING: Unable to find CDP implementation matching 118
Nov 05, 2023 11:43:45 PM org.openqa.selenium.chromium.ChromiumDriver lambda$new$3
WARNING: Unable to find version of CDP to use for . You may need to include a dependency on a specific version of the CDP using something similar to `org.seleniumhq.selenium:selenium-devtools-v86:4.9.1` where the version ("v86") matches the version of the chromium-based browser you're using and the version number of the artifact is the same as Selenium's.
]]></system-err>
  </testcase>
  <testcase name="Kullanici bir ulke secmeden ve checkBox butonuna tiklamadan siparisini tamamlayamamali" classname="Siparis tamamlama" time="12.377">
    <system-err><![CDATA[Starting ChromeDriver 118.0.5993.70 (e52f33f30b91b4ddfad649acddc39ab570473b86-refs/branch-heads/5993@{#1216}) on port 29371
Only local connections are allowed.
Please see https://chromedriver.chromium.org/security-considerations for suggestions on keeping ChromeDriver safe.
ChromeDriver was started successfully.
Nov 05, 2023 11:43:58 PM org.openqa.selenium.devtools.CdpVersionFinder findNearestMatch
WARNING: Unable to find CDP implementation matching 118
Nov 05, 2023 11:43:58 PM org.openqa.selenium.chromium.ChromiumDriver lambda$new$3
WARNING: Unable to find version of CDP to use for . You may need to include a dependency on a specific version of the CDP using something similar to `org.seleniumhq.selenium:selenium-devtools-v86:4.9.1` where the version ("v86") matches the version of the chromium-based browser you're using and the version number of the artifact is the same as Selenium's.
]]></system-err>
  </testcase>
</testsuite>